<?xml version="1.0" encoding="UTF-8"?>
<!-- Generated by org.testng.reporters.JUnitReportReporter -->
<testsuite hostname="DESKTOP-NFCUDP0" failures="0" tests="2" name="tooctavius.AddLogin" time="20.882" errors="0" timestamp="2022-12-13T10:24:53 IST" skipped="0">
  <testcase classname="tooctavius.AddLogin" name="logout" time="10.227"/>
  <system-out/>
  <testcase classname="tooctavius.AddLogin" name="InsertCredentialsEmai" time="10.655"/>
  <system-out/>
</testsuite> <!-- tooctavius.AddLogin -->
